app_android/app/build/intermediates/manifest_merge_blame_file/debug/manifest-merger-blame-debug-report.txt
1<?xml version="1.0" encoding="utf-8"?>
2<manifest xmlns:android="http://schemas.android.com/apk/res/android"
3    package="com.google.mlkit.vision.demo"
4    android:installLocation="auto"
5    android:versionCode="11"
6    android:versionName="1.11" >
7    <!--
8 CameraX libraries require minSdkVersion 21, while this quickstart app
9    supports low to 19. Needs to use overrideLibrary to make the merger tool
10    ignore this conflict and import the libraries while keeping the app's lower
11    minSdkVersion value. In code, will check SDK version, before calling CameraX
12    APIs.
13    -->
14    <uses-sdk
14-->src/main/AndroidManifest.xml:12:5-15:63
15        android:minSdkVersion="19"
15-->src/main/AndroidManifest.xml:12:5-15:63
16        android:targetSdkVersion="31" />
16-->src/main/AndroidManifest.xml:12:5-15:63
17
18    <uses-feature android:name="android.hardware.camera" />
18-->src/main/AndroidManifest.xml:17:5-59
18-->src/main/AndroidManifest.xml:17:19-57
19
20    <uses-permission android:name="android.permission.INTERNET" />
20-->src/main/AndroidManifest.xml:19:5-66
20-->src/main/AndroidManifest.xml:19:22-64
21    <uses-permission android:name="android.permission.WRITE_EXTERNAL_STORAGE" />
21-->src/main/AndroidManifest.xml:20:5-80
21-->src/main/AndroidManifest.xml:20:22-78
22    <uses-permission android:name="android.permission.READ_EXTERNAL_STORAGE" />
22-->src/main/AndroidManifest.xml:21:5-79
22-->src/main/AndroidManifest.xml:21:22-77
23    <uses-permission android:name="android.permission.CAMERA" />
23-->src/main/AndroidManifest.xml:22:5-64
23-->src/main/AndroidManifest.xml:22:22-62
24
25    <queries>
25-->src/main/AndroidManifest.xml:66:5-70:15
26        <intent>
26-->src/main/AndroidManifest.xml:67:9-69:18
27            <action android:name="android.media.action.IMAGE_CAPTURE" />
27-->src/main/AndroidManifest.xml:68:13-73
27-->src/main/AndroidManifest.xml:68:21-70
28        </intent>
29    </queries>
30
31    <!-- For remote config -->
32    <uses-permission android:name="android.permission.ACCESS_NETWORK_STATE" />
32-->[com.google.mlkit:pose-detection-common:18.0.0-beta2] AndroidManifest.xml:7:5-79
32-->[com.google.mlkit:pose-detection-common:18.0.0-beta2] AndroidManifest.xml:7:22-76
33    <uses-permission android:name="android.permission.WAKE_LOCK" />
33-->[androidx.work:work-runtime:2.7.0] AndroidManifest.xml:25:5-68
33-->[androidx.work:work-runtime:2.7.0] AndroidManifest.xml:25:22-65
34    <uses-permission android:name="android.permission.RECEIVE_BOOT_COMPLETED" />
34-->[androidx.work:work-runtime:2.7.0] AndroidManifest.xml:27:5-81
34-->[androidx.work:work-runtime:2.7.0] AndroidManifest.xml:27:22-78
35    <uses-permission android:name="android.permission.FOREGROUND_SERVICE" />
35-->[androidx.work:work-runtime:2.7.0] AndroidManifest.xml:28:5-77
35-->[androidx.work:work-runtime:2.7.0] AndroidManifest.xml:28:22-74
36
37    <application
37-->src/main/AndroidManifest.xml:24:5-65:19
38        android:name="androidx.multidex.MultiDexApplication"
38-->src/main/AndroidManifest.xml:25:9-61
39        android:appComponentFactory="androidx.core.app.CoreComponentFactory"
39-->[androidx.core:core:1.6.0] AndroidManifest.xml:24:18-86
40        android:debuggable="true"
41        android:icon="@drawable/ic_launcher_foreground"
41-->src/main/AndroidManifest.xml:26:9-56
42        android:label="@string/app_name"
42-->src/main/AndroidManifest.xml:27:9-41
43        android:testOnly="true"
44        android:theme="@style/Theme.AppCompat" >
44-->src/main/AndroidManifest.xml:28:9-47
45        <meta-data
45-->src/main/AndroidManifest.xml:30:9-32:68
46            android:name="com.google.android.gms.version"
46-->src/main/AndroidManifest.xml:31:13-58
47            android:value="@integer/google_play_services_version" />
47-->src/main/AndroidManifest.xml:32:13-66
48
49        <!--
50          Optional: Add it to automatically download ML model to device after
51          your app is installed.
52        -->
53        <meta-data
53-->src/main/AndroidManifest.xml:36:9-38:62
54            android:name="com.google.mlkit.vision.DEPENDENCIES"
54-->src/main/AndroidManifest.xml:37:13-64
55            android:value="barcode,face,ocr,ica,custom_ica" />
55-->src/main/AndroidManifest.xml:38:13-60
56
57        <activity
57-->src/main/AndroidManifest.xml:40:9-48:20
58            android:name="com.google.mlkit.vision.demo.EntryChoiceActivity"
58-->src/main/AndroidManifest.xml:41:13-48
59            android:exported="true"
59-->src/main/AndroidManifest.xml:42:13-36
60            android:theme="@style/AppTheme" >
60-->src/main/AndroidManifest.xml:43:13-44
61            <intent-filter>
61-->src/main/AndroidManifest.xml:44:13-47:29
62                <action android:name="android.intent.action.MAIN" />
62-->src/main/AndroidManifest.xml:45:17-68
62-->src/main/AndroidManifest.xml:45:25-66
63
64                <category android:name="android.intent.category.LAUNCHER" />
64-->src/main/AndroidManifest.xml:46:17-76
64-->src/main/AndroidManifest.xml:46:27-74
65            </intent-filter>
66        </activity>
67        <activity
67-->src/main/AndroidManifest.xml:50:9-53:20
68            android:name="com.google.mlkit.vision.demo.java.ChooserActivity"
68-->src/main/AndroidManifest.xml:51:13-49
69            android:exported="false" >
69-->src/main/AndroidManifest.xml:52:13-37
70        </activity>
71        <activity
71-->src/main/AndroidManifest.xml:55:9-59:20
72            android:name="com.google.mlkit.vision.demo.java.CameraXLivePreviewActivity"
72-->src/main/AndroidManifest.xml:56:13-60
73            android:exported="false"
73-->src/main/AndroidManifest.xml:57:13-37
74            android:theme="@style/AppTheme" >
74-->src/main/AndroidManifest.xml:58:13-44
75        </activity>
76        <activity
76-->src/main/AndroidManifest.xml:61:9-63:39
77            android:name="com.google.mlkit.vision.demo.preference.SettingsActivity"
77-->src/main/AndroidManifest.xml:62:13-56
78            android:exported="false" />
78-->src/main/AndroidManifest.xml:63:13-37
79
80        <!--
81             Required for ML Kit Pose Detection GPU acceleration. Applications that target Android
82             S+ require explicit declaration of any referenced vendor-provided libraries.
83        -->
84        <uses-native-library
84-->[com.google.mlkit:pose-detection-common:18.0.0-beta2] AndroidManifest.xml:16:9-18:40
85            android:name="libOpenCL.so"
85-->[com.google.mlkit:pose-detection-common:18.0.0-beta2] AndroidManifest.xml:17:13-40
86            android:required="false" />
86-->[com.google.mlkit:pose-detection-common:18.0.0-beta2] AndroidManifest.xml:18:13-37
87        <uses-native-library
87-->[com.google.mlkit:pose-detection-common:18.0.0-beta2] AndroidManifest.xml:16:9-18:40
88            android:name="libOpenCL-car.so"
88-->[com.google.mlkit:pose-detection-common:18.0.0-beta2] AndroidManifest.xml:17:13-40
89            android:required="false" />
89-->[com.google.mlkit:pose-detection-common:18.0.0-beta2] AndroidManifest.xml:18:13-37
90        <uses-native-library
90-->[com.google.mlkit:pose-detection-common:18.0.0-beta2] AndroidManifest.xml:16:9-18:40
91            android:name="libOpenCL-pixel.so"
91-->[com.google.mlkit:pose-detection-common:18.0.0-beta2] AndroidManifest.xml:17:13-40
92            android:required="false" />
92-->[com.google.mlkit:pose-detection-common:18.0.0-beta2] AndroidManifest.xml:18:13-37
93
94        <service
94-->[com.google.mlkit:pose-detection-common:18.0.0-beta2] AndroidManifest.xml:26:9-32:19
95            android:name="com.google.mlkit.common.internal.MlKitComponentDiscoveryService"
95-->[com.google.mlkit:pose-detection-common:18.0.0-beta2] AndroidManifest.xml:27:13-91
96            android:directBootAware="true"
96-->[com.google.mlkit:common:18.1.0] AndroidManifest.xml:17:13-43
97            android:exported="false" >
97-->[com.google.mlkit:pose-detection-common:18.0.0-beta2] AndroidManifest.xml:28:13-37
98            <meta-data
98-->[com.google.mlkit:pose-detection-common:18.0.0-beta2] AndroidManifest.xml:29:13-31:85
99                android:name="com.google.firebase.components:com.google.mlkit.vision.pose.internal.PoseRegistrar"
99-->[com.google.mlkit:pose-detection-common:18.0.0-beta2] AndroidManifest.xml:30:17-114
100                android:value="com.google.firebase.components.ComponentRegistrar" />
100-->[com.google.mlkit:pose-detection-common:18.0.0-beta2] AndroidManifest.xml:31:17-82
101            <meta-data
101-->[com.google.mlkit:object-detection:17.0.0] AndroidManifest.xml:14:13-16:85
102                android:name="com.google.firebase.components:com.google.mlkit.vision.objects.defaults.internal.DefaultObjectsRegistrar"
102-->[com.google.mlkit:object-detection:17.0.0] AndroidManifest.xml:15:17-136
103                android:value="com.google.firebase.components.ComponentRegistrar" />
103-->[com.google.mlkit:object-detection:17.0.0] AndroidManifest.xml:16:17-82
104            <meta-data
104-->[com.google.mlkit:object-detection-custom:17.0.0] AndroidManifest.xml:11:13-13:85
105                android:name="com.google.firebase.components:com.google.mlkit.vision.objects.custom.internal.CustomObjectsRegistrar"
105-->[com.google.mlkit:object-detection-custom:17.0.0] AndroidManifest.xml:12:17-133
106                android:value="com.google.firebase.components.ComponentRegistrar" />
106-->[com.google.mlkit:object-detection-custom:17.0.0] AndroidManifest.xml:13:17-82
107            <meta-data
107-->[com.google.mlkit:image-labeling:17.0.7] AndroidManifest.xml:11:13-13:85
108                android:name="com.google.firebase.components:com.google.mlkit.vision.label.defaults.internal.BundledLabelRegistrar"
108-->[com.google.mlkit:image-labeling:17.0.7] AndroidManifest.xml:12:17-132
109                android:value="com.google.firebase.components.ComponentRegistrar" />
109-->[com.google.mlkit:image-labeling:17.0.7] AndroidManifest.xml:13:17-82
110            <meta-data
110-->[com.google.mlkit:image-labeling-custom:17.0.1] AndroidManifest.xml:11:13-13:85
111                android:name="com.google.firebase.components:com.google.mlkit.vision.label.custom.internal.CustomLabelRegistrar"
111-->[com.google.mlkit:image-labeling-custom:17.0.1] AndroidManifest.xml:12:17-129
112                android:value="com.google.firebase.components.ComponentRegistrar" />
112-->[com.google.mlkit:image-labeling-custom:17.0.1] AndroidManifest.xml:13:17-82
113            <meta-data
113-->[com.google.mlkit:segmentation-selfie:16.0.0-beta4] AndroidManifest.xml:12:13-14:85
114                android:name="com.google.firebase.components:com.google.mlkit.vision.segmentation.internal.SegmentationRegistrar"
114-->[com.google.mlkit:segmentation-selfie:16.0.0-beta4] AndroidManifest.xml:13:17-130
115                android:value="com.google.firebase.components.ComponentRegistrar" />
115-->[com.google.mlkit:segmentation-selfie:16.0.0-beta4] AndroidManifest.xml:14:17-82
116            <meta-data
116-->[com.google.android.gms:play-services-mlkit-barcode-scanning:18.0.0] AndroidManifest.xml:12:13-14:85
117                android:name="com.google.firebase.components:com.google.mlkit.vision.barcode.internal.BarcodeRegistrar"
117-->[com.google.android.gms:play-services-mlkit-barcode-scanning:18.0.0] AndroidManifest.xml:13:17-120
118                android:value="com.google.firebase.components.ComponentRegistrar" />
118-->[com.google.android.gms:play-services-mlkit-barcode-scanning:18.0.0] AndroidManifest.xml:14:17-82
119            <meta-data
119-->[com.google.mlkit:vision-internal-vkp:18.2.2] AndroidManifest.xml:14:13-16:85
120                android:name="com.google.firebase.components:com.google.mlkit.vision.vkp.VkpRegistrar"
120-->[com.google.mlkit:vision-internal-vkp:18.2.2] AndroidManifest.xml:15:17-103
121                android:value="com.google.firebase.components.ComponentRegistrar" />
121-->[com.google.mlkit:vision-internal-vkp:18.2.2] AndroidManifest.xml:16:17-82
122            <meta-data
122-->[com.google.android.gms:play-services-mlkit-face-detection:17.0.1] AndroidManifest.xml:12:13-14:85
123                android:name="com.google.firebase.components:com.google.mlkit.vision.face.internal.FaceRegistrar"
123-->[com.google.android.gms:play-services-mlkit-face-detection:17.0.1] AndroidManifest.xml:13:17-114
124                android:value="com.google.firebase.components.ComponentRegistrar" />
124-->[com.google.android.gms:play-services-mlkit-face-detection:17.0.1] AndroidManifest.xml:14:17-82
125            <meta-data
125-->[com.google.android.gms:play-services-mlkit-text-recognition-common:17.0.0] AndroidManifest.xml:12:13-14:85
126                android:name="com.google.firebase.components:com.google.mlkit.vision.text.internal.TextRegistrar"
126-->[com.google.android.gms:play-services-mlkit-text-recognition-common:17.0.0] AndroidManifest.xml:13:17-114
127                android:value="com.google.firebase.components.ComponentRegistrar" />
127-->[com.google.android.gms:play-services-mlkit-text-recognition-common:17.0.0] AndroidManifest.xml:14:17-82
128            <meta-data
128-->[com.google.mlkit:vision-common:17.1.0] AndroidManifest.xml:12:13-14:85
129                android:name="com.google.firebase.components:com.google.mlkit.vision.common.internal.VisionCommonRegistrar"
129-->[com.google.mlkit:vision-common:17.1.0] AndroidManifest.xml:13:17-124
130                android:value="com.google.firebase.components.ComponentRegistrar" />
130-->[com.google.mlkit:vision-common:17.1.0] AndroidManifest.xml:14:17-82
131            <meta-data
131-->[com.google.mlkit:common:18.1.0] AndroidManifest.xml:20:13-22:85
132                android:name="com.google.firebase.components:com.google.mlkit.common.internal.CommonComponentRegistrar"
132-->[com.google.mlkit:common:18.1.0] AndroidManifest.xml:21:17-120
133                android:value="com.google.firebase.components.ComponentRegistrar" />
133-->[com.google.mlkit:common:18.1.0] AndroidManifest.xml:22:17-82
134        </service>
135        <service
135-->[com.google.mlkit:acceleration:16.0.0-beta1] AndroidManifest.xml:8:9-11:68
136            android:name="com.google.mlkit.acceleration.internal.MlKitRemoteWorkerService"
136-->[com.google.mlkit:acceleration:16.0.0-beta1] AndroidManifest.xml:9:13-91
137            android:exported="false"
137-->[com.google.mlkit:acceleration:16.0.0-beta1] AndroidManifest.xml:10:13-37
138            android:process=":mlkit_acceleration_mini_benchmark" />
138-->[com.google.mlkit:acceleration:16.0.0-beta1] AndroidManifest.xml:11:13-65
139        <service
139-->[androidx.work:work-multiprocess:2.7.0] AndroidManifest.xml:25:9-27:40
140            android:name="androidx.work.multiprocess.RemoteWorkManagerService"
140-->[androidx.work:work-multiprocess:2.7.0] AndroidManifest.xml:26:13-79
141            android:exported="false" />
141-->[androidx.work:work-multiprocess:2.7.0] AndroidManifest.xml:27:13-37
142
143        <provider
143-->[com.google.mlkit:common:18.1.0] AndroidManifest.xml:9:9-13:38
144            android:name="com.google.mlkit.common.internal.MlKitInitProvider"
144-->[com.google.mlkit:common:18.1.0] AndroidManifest.xml:10:13-78
145            android:authorities="com.google.mlkit.vision.demo.mlkitinitprovider"
145-->[com.google.mlkit:common:18.1.0] AndroidManifest.xml:11:13-69
146            android:exported="false"
146-->[com.google.mlkit:common:18.1.0] AndroidManifest.xml:12:13-37
147            android:initOrder="99" />
147-->[com.google.mlkit:common:18.1.0] AndroidManifest.xml:13:13-35
148
149        <activity
149-->[com.google.android.gms:play-services-base:18.0.1] AndroidManifest.xml:20:9-22:45
150            android:name="com.google.android.gms.common.api.GoogleApiActivity"
150-->[com.google.android.gms:play-services-base:18.0.1] AndroidManifest.xml:20:19-85
151            android:exported="false"
151-->[com.google.android.gms:play-services-base:18.0.1] AndroidManifest.xml:22:19-43
152            android:theme="@android:style/Theme.Translucent.NoTitleBar" />
152-->[com.google.android.gms:play-services-base:18.0.1] AndroidManifest.xml:21:19-78
153
154        <provider
154-->[androidx.work:work-runtime:2.7.0] AndroidManifest.xml:31:9-39:20
155            android:name="androidx.startup.InitializationProvider"
155-->[androidx.work:work-runtime:2.7.0] AndroidManifest.xml:32:13-67
156            android:authorities="com.google.mlkit.vision.demo.androidx-startup"
156-->[androidx.work:work-runtime:2.7.0] AndroidManifest.xml:33:13-68
157            android:exported="false" >
157-->[androidx.work:work-runtime:2.7.0] AndroidManifest.xml:34:13-37
158            <meta-data
158-->[androidx.work:work-runtime:2.7.0] AndroidManifest.xml:36:13-38:52
159                android:name="androidx.work.WorkManagerInitializer"
159-->[androidx.work:work-runtime:2.7.0] AndroidManifest.xml:37:17-68
160                android:value="androidx.startup" />
160-->[androidx.work:work-runtime:2.7.0] AndroidManifest.xml:38:17-49
161        </provider>
162
163        <service
163-->[androidx.work:work-runtime:2.7.0] AndroidManifest.xml:41:9-46:35
164            android:name="androidx.work.impl.background.systemalarm.SystemAlarmService"
164-->[androidx.work:work-runtime:2.7.0] AndroidManifest.xml:42:13-88
165            android:directBootAware="false"
165-->[androidx.work:work-runtime:2.7.0] AndroidManifest.xml:43:13-44
166            android:enabled="@bool/enable_system_alarm_service_default"
166-->[androidx.work:work-runtime:2.7.0] AndroidManifest.xml:44:13-72
167            android:exported="false" />
167-->[androidx.work:work-runtime:2.7.0] AndroidManifest.xml:45:13-37
168        <service
168-->[androidx.work:work-runtime:2.7.0] AndroidManifest.xml:47:9-53:35
169            android:name="androidx.work.impl.background.systemjob.SystemJobService"
169-->[androidx.work:work-runtime:2.7.0] AndroidManifest.xml:48:13-84
170            android:directBootAware="false"
170-->[androidx.work:work-runtime:2.7.0] AndroidManifest.xml:49:13-44
171            android:enabled="@bool/enable_system_job_service_default"
171-->[androidx.work:work-runtime:2.7.0] AndroidManifest.xml:50:13-70
172            android:exported="true"
172-->[androidx.work:work-runtime:2.7.0] AndroidManifest.xml:51:13-36
173            android:permission="android.permission.BIND_JOB_SERVICE" />
173-->[androidx.work:work-runtime:2.7.0] AndroidManifest.xml:52:13-69
174        <service
174-->[androidx.work:work-runtime:2.7.0] AndroidManifest.xml:54:9-59:35
175            android:name="androidx.work.impl.foreground.SystemForegroundService"
175-->[androidx.work:work-runtime:2.7.0] AndroidManifest.xml:55:13-81
176            android:directBootAware="false"
176-->[androidx.work:work-runtime:2.7.0] AndroidManifest.xml:56:13-44
177            android:enabled="@bool/enable_system_foreground_service_default"
177-->[androidx.work:work-runtime:2.7.0] AndroidManifest.xml:57:13-77
178            android:exported="false" />
178-->[androidx.work:work-runtime:2.7.0] AndroidManifest.xml:58:13-37
179
180        <receiver
180-->[androidx.work:work-runtime:2.7.0] AndroidManifest.xml:61:9-66:35
181            android:name="androidx.work.impl.utils.ForceStopRunnable$BroadcastReceiver"
181-->[androidx.work:work-runtime:2.7.0] AndroidManifest.xml:62:13-88
182            android:directBootAware="false"
182-->[androidx.work:work-runtime:2.7.0] AndroidManifest.xml:63:13-44
183            android:enabled="true"
183-->[androidx.work:work-runtime:2.7.0] AndroidManifest.xml:64:13-35
184            android:exported="false" />
184-->[androidx.work:work-runtime:2.7.0] AndroidManifest.xml:65:13-37
185        <receiver
185-->[androidx.work:work-runtime:2.7.0] AndroidManifest.xml:67:9-77:20
186            android:name="androidx.work.impl.background.systemalarm.ConstraintProxy$BatteryChargingProxy"
186-->[androidx.work:work-runtime:2.7.0] AndroidManifest.xml:68:13-106
187            android:directBootAware="false"
187-->[androidx.work:work-runtime:2.7.0] AndroidManifest.xml:69:13-44
188            android:enabled="false"
188-->[androidx.work:work-runtime:2.7.0] AndroidManifest.xml:70:13-36
189            android:exported="false" >
189-->[androidx.work:work-runtime:2.7.0] AndroidManifest.xml:71:13-37
190            <intent-filter>
190-->[androidx.work:work-runtime:2.7.0] AndroidManifest.xml:73:13-76:29
191                <action android:name="android.intent.action.ACTION_POWER_CONNECTED" />
191-->[androidx.work:work-runtime:2.7.0] AndroidManifest.xml:74:17-87
191-->[androidx.work:work-runtime:2.7.0] AndroidManifest.xml:74:25-84
192                <action android:name="android.intent.action.ACTION_POWER_DISCONNECTED" />
192-->[androidx.work:work-runtime:2.7.0] AndroidManifest.xml:75:17-90
192-->[androidx.work:work-runtime:2.7.0] AndroidManifest.xml:75:25-87
193            </intent-filter>
194        </receiver>
195        <receiver
195-->[androidx.work:work-runtime:2.7.0] AndroidManifest.xml:78:9-88:20
196            android:name="androidx.work.impl.background.systemalarm.ConstraintProxy$BatteryNotLowProxy"
196-->[androidx.work:work-runtime:2.7.0] AndroidManifest.xml:79:13-104
197            android:directBootAware="false"
197-->[androidx.work:work-runtime:2.7.0] AndroidManifest.xml:80:13-44
198            android:enabled="false"
198-->[androidx.work:work-runtime:2.7.0] AndroidManifest.xml:81:13-36
199            android:exported="false" >
199-->[androidx.work:work-runtime:2.7.0] AndroidManifest.xml:82:13-37
200            <intent-filter>
200-->[androidx.work:work-runtime:2.7.0] AndroidManifest.xml:84:13-87:29
201                <action android:name="android.intent.action.BATTERY_OKAY" />
201-->[androidx.work:work-runtime:2.7.0] AndroidManifest.xml:85:17-77
201-->[androidx.work:work-runtime:2.7.0] AndroidManifest.xml:85:25-74
202                <action android:name="android.intent.action.BATTERY_LOW" />
202-->[androidx.work:work-runtime:2.7.0] AndroidManifest.xml:86:17-76
202-->[androidx.work:work-runtime:2.7.0] AndroidManifest.xml:86:25-73
203            </intent-filter>
204        </receiver>
205        <receiver
205-->[androidx.work:work-runtime:2.7.0] AndroidManifest.xml:89:9-99:20
206            android:name="androidx.work.impl.background.systemalarm.ConstraintProxy$StorageNotLowProxy"
206-->[androidx.work:work-runtime:2.7.0] AndroidManifest.xml:90:13-104
207            android:directBootAware="false"
207-->[androidx.work:work-runtime:2.7.0] AndroidManifest.xml:91:13-44
208            android:enabled="false"
208-->[androidx.work:work-runtime:2.7.0] AndroidManifest.xml:92:13-36
209            android:exported="false" >
209-->[androidx.work:work-runtime:2.7.0] AndroidManifest.xml:93:13-37
210            <intent-filter>
210-->[androidx.work:work-runtime:2.7.0] AndroidManifest.xml:95:13-98:29
211                <action android:name="android.intent.action.DEVICE_STORAGE_LOW" />
211-->[androidx.work:work-runtime:2.7.0] AndroidManifest.xml:96:17-83
211-->[androidx.work:work-runtime:2.7.0] AndroidManifest.xml:96:25-80
212                <action android:name="android.intent.action.DEVICE_STORAGE_OK" />
212-->[androidx.work:work-runtime:2.7.0] AndroidManifest.xml:97:17-82
212-->[androidx.work:work-runtime:2.7.0] AndroidManifest.xml:97:25-79
213            </intent-filter>
214        </receiver>
215        <receiver
215-->[androidx.work:work-runtime:2.7.0] AndroidManifest.xml:100:9-109:20
216            android:name="androidx.work.impl.background.systemalarm.ConstraintProxy$NetworkStateProxy"
216-->[androidx.work:work-runtime:2.7.0] AndroidManifest.xml:101:13-103
217            android:directBootAware="false"
217-->[androidx.work:work-runtime:2.7.0] AndroidManifest.xml:102:13-44
218            android:enabled="false"
218-->[androidx.work:work-runtime:2.7.0] AndroidManifest.xml:103:13-36
219            android:exported="false" >
219-->[androidx.work:work-runtime:2.7.0] AndroidManifest.xml:104:13-37
220            <intent-filter>
220-->[androidx.work:work-runtime:2.7.0] AndroidManifest.xml:106:13-108:29
221                <action android:name="android.net.conn.CONNECTIVITY_CHANGE" />
221-->[androidx.work:work-runtime:2.7.0] AndroidManifest.xml:107:17-79
221-->[androidx.work:work-runtime:2.7.0] AndroidManifest.xml:107:25-76
222            </intent-filter>
223        </receiver>
224        <receiver
224-->[androidx.work:work-runtime:2.7.0] AndroidManifest.xml:110:9-121:20
225            android:name="androidx.work.impl.background.systemalarm.RescheduleReceiver"
225-->[androidx.work:work-runtime:2.7.0] AndroidManifest.xml:111:13-88
226            android:directBootAware="false"
226-->[androidx.work:work-runtime:2.7.0] AndroidManifest.xml:112:13-44
227            android:enabled="false"
227-->[androidx.work:work-runtime:2.7.0] AndroidManifest.xml:113:13-36
228            android:exported="false" >
228-->[androidx.work:work-runtime:2.7.0] AndroidManifest.xml:114:13-37
229            <intent-filter>
229-->[androidx.work:work-runtime:2.7.0] AndroidManifest.xml:116:13-120:29
230                <action android:name="android.intent.action.BOOT_COMPLETED" />
230-->[androidx.work:work-runtime:2.7.0] AndroidManifest.xml:117:17-79
230-->[androidx.work:work-runtime:2.7.0] AndroidManifest.xml:117:25-76
231                <action android:name="android.intent.action.TIME_SET" />
231-->[androidx.work:work-runtime:2.7.0] AndroidManifest.xml:118:17-73
231-->[androidx.work:work-runtime:2.7.0] AndroidManifest.xml:118:25-70
232                <action android:name="android.intent.action.TIMEZONE_CHANGED" />
232-->[androidx.work:work-runtime:2.7.0] AndroidManifest.xml:119:17-81
232-->[androidx.work:work-runtime:2.7.0] AndroidManifest.xml:119:25-78
233            </intent-filter>
234        </receiver>
235        <receiver
235-->[androidx.work:work-runtime:2.7.0] AndroidManifest.xml:122:9-131:20
236            android:name="androidx.work.impl.background.systemalarm.ConstraintProxyUpdateReceiver"
236-->[androidx.work:work-runtime:2.7.0] AndroidManifest.xml:123:13-99
237            android:directBootAware="false"
237-->[androidx.work:work-runtime:2.7.0] AndroidManifest.xml:124:13-44
238            android:enabled="@bool/enable_system_alarm_service_default"
238-->[androidx.work:work-runtime:2.7.0] AndroidManifest.xml:125:13-72
239            android:exported="false" >
239-->[androidx.work:work-runtime:2.7.0] AndroidManifest.xml:126:13-37
240            <intent-filter>
240-->[androidx.work:work-runtime:2.7.0] AndroidManifest.xml:128:13-130:29
241                <action android:name="androidx.work.impl.background.systemalarm.UpdateProxies" />
241-->[androidx.work:work-runtime:2.7.0] AndroidManifest.xml:129:17-98
241-->[androidx.work:work-runtime:2.7.0] AndroidManifest.xml:129:25-95
242            </intent-filter>
243        </receiver>
244        <receiver
244-->[androidx.work:work-runtime:2.7.0] AndroidManifest.xml:132:9-142:20
245            android:name="androidx.work.impl.diagnostics.DiagnosticsReceiver"
245-->[androidx.work:work-runtime:2.7.0] AndroidManifest.xml:133:13-78
246            android:directBootAware="false"
246-->[androidx.work:work-runtime:2.7.0] AndroidManifest.xml:134:13-44
247            android:enabled="true"
247-->[androidx.work:work-runtime:2.7.0] AndroidManifest.xml:135:13-35
248            android:exported="true"
248-->[androidx.work:work-runtime:2.7.0] AndroidManifest.xml:136:13-36
249            android:permission="android.permission.DUMP" >
249-->[androidx.work:work-runtime:2.7.0] AndroidManifest.xml:137:13-57
250            <intent-filter>
250-->[androidx.work:work-runtime:2.7.0] AndroidManifest.xml:139:13-141:29
251                <action android:name="androidx.work.diagnostics.REQUEST_DIAGNOSTICS" />
251-->[androidx.work:work-runtime:2.7.0] AndroidManifest.xml:140:17-88
251-->[androidx.work:work-runtime:2.7.0] AndroidManifest.xml:140:25-85
252            </intent-filter>
253        </receiver>
254
255        <service
255-->[com.google.android.datatransport:transport-backend-cct:2.3.3] AndroidManifest.xml:29:9-35:19
256            android:name="com.google.android.datatransport.runtime.backends.TransportBackendDiscovery"
256-->[com.google.android.datatransport:transport-backend-cct:2.3.3] AndroidManifest.xml:30:13-103
257            android:exported="false" >
257-->[com.google.android.datatransport:transport-backend-cct:2.3.3] AndroidManifest.xml:31:13-37
258            <meta-data
258-->[com.google.android.datatransport:transport-backend-cct:2.3.3] AndroidManifest.xml:32:13-34:39
259                android:name="backend:com.google.android.datatransport.cct.CctBackendFactory"
259-->[com.google.android.datatransport:transport-backend-cct:2.3.3] AndroidManifest.xml:33:17-94
260                android:value="cct" />
260-->[com.google.android.datatransport:transport-backend-cct:2.3.3] AndroidManifest.xml:34:17-36
261        </service>
262        <service
262-->[com.google.android.datatransport:transport-runtime:2.2.6] AndroidManifest.xml:26:9-30:19
263            android:name="com.google.android.datatransport.runtime.scheduling.jobscheduling.JobInfoSchedulerService"
263-->[com.google.android.datatransport:transport-runtime:2.2.6] AndroidManifest.xml:27:13-117
264            android:exported="false"
264-->[com.google.android.datatransport:transport-runtime:2.2.6] AndroidManifest.xml:28:13-37
265            android:permission="android.permission.BIND_JOB_SERVICE" >
265-->[com.google.android.datatransport:transport-runtime:2.2.6] AndroidManifest.xml:29:13-69
266        </service>
267
268        <receiver
268-->[com.google.android.datatransport:transport-runtime:2.2.6] AndroidManifest.xml:32:9-34:40
269            android:name="com.google.android.datatransport.runtime.scheduling.jobscheduling.AlarmManagerSchedulerBroadcastReceiver"
269-->[com.google.android.datatransport:transport-runtime:2.2.6] AndroidManifest.xml:33:13-132
270            android:exported="false" />
270-->[com.google.android.datatransport:transport-runtime:2.2.6] AndroidManifest.xml:34:13-37
271
272        <service